<?xml version="1.0" encoding="UTF-8"?>
<!-- Generated by org.testng.reporters.JUnitReportReporter -->
<testsuite hostname="TVDI-027" failures="0" tests="7" name="org.reqres.ReqResGet" time="9.260" errors="0" timestamp="2023-05-22T17:12:51 IST" skipped="0">
  <testcase classname="org.reqres.ReqResGet" name="singleUserNotFound" time="0.237"/>
  <system-out/>
  <testcase classname="org.reqres.ReqResGet" name="singleResourceNotFound" time="0.562"/>
  <system-out/>
  <testcase classname="org.reqres.ReqResGet" name="listUsers" time="0.458"/>
  <system-out/>
  <testcase classname="org.reqres.ReqResGet" name="delayedResponse" time="3.888"/>
  <system-out/>
  <testcase classname="org.reqres.ReqResGet" name="singleUser" time="0.194"/>
  <system-out/>
  <testcase classname="org.reqres.ReqResGet" name="listOfResource" time="0.259"/>
  <system-out/>
  <testcase classname="org.reqres.ReqResGet" name="SingleResource" time="3.662"/>
  <system-out/>
</testsuite> <!-- org.reqres.ReqResGet -->
