<?xml version="1.0" encoding="UTF-8"?>
<!-- Generated by org.testng.reporters.JUnitReportReporter -->
<testsuite hostname="TVDI-027" failures="0" tests="1" name="org.test.ReqResDelete" time="6.117" errors="0" timestamp="2023-05-22T13:07:47 IST" skipped="0">
  <testcase classname="org.test.ReqResDelete" name="delete" time="6.117"/>
  <system-out/>
</testsuite> <!-- org.test.ReqResDelete -->
