<?xml version="1.0" encoding="UTF-8"?>
<!-- Generated by org.testng.reporters.JUnitReportReporter -->
<testsuite hostname="TVDI-027" failures="0" tests="1" name="org.test.ReqResGet" time="12.202" errors="0" timestamp="2023-05-22T13:12:15 IST" skipped="0">
  <testcase classname="org.test.ReqResGet" name="delayedResponse" time="12.202"/>
  <system-out/>
</testsuite> <!-- org.test.ReqResGet -->
