<?xml version="1.0" encoding="UTF-8"?>
<!-- Generated by org.testng.reporters.JUnitReportReporter -->
<testsuite hostname="TVDI-027" failures="0" tests="5" name="org.test.ReqResPost" time="8.008" errors="0" timestamp="2023-05-22T11:47:07 IST" skipped="0">
  <testcase classname="org.test.ReqResPost" name="loginUnSuccessful" time="0.488"/>
  <system-out/>
  <testcase classname="org.test.ReqResPost" name="registerUnSuccessful" time="0.519"/>
  <system-out/>
  <testcase classname="org.test.ReqResPost" name="loginSuccessful" time="1.311"/>
  <system-out/>
  <testcase classname="org.test.ReqResPost" name="registerSuccessful" time="0.434"/>
  <system-out/>
  <testcase classname="org.test.ReqResPost" name="create" time="5.256"/>
  <system-out/>
</testsuite> <!-- org.test.ReqResPost -->
