<?xml version="1.0" encoding="UTF-8"?>
<!-- Generated by org.testng.reporters.JUnitReportReporter -->
<testsuite hostname="TVDI-027" failures="0" tests="1" name="org.test.PutPatchAndDeleteExamples" time="5.576" errors="0" timestamp="2023-05-17T01:07:04 IST" skipped="0">
  <testcase classname="org.test.PutPatchAndDeleteExamples" name="testDelete" time="5.576"/>
  <system-out/>
</testsuite> <!-- org.test.PutPatchAndDeleteExamples -->
