<?xml version="1.0" encoding="UTF-8"?>
<!-- Generated by org.testng.reporters.JUnitReportReporter -->
<testsuite hostname="TVDI-027" failures="0" tests="1" name="org.reqres.ReqResPut" time="0.635" errors="0" timestamp="2023-05-22T17:12:51 IST" skipped="0">
  <testcase classname="org.reqres.ReqResPut" name="testPut" time="0.635"/>
  <system-out/>
</testsuite> <!-- org.reqres.ReqResPut -->
