<?xml version="1.0" encoding="UTF-8"?>
<!-- Generated by org.testng.reporters.JUnitReportReporter -->
<testsuite hostname="TVDI-027" failures="0" tests="1" name="org.test.ReqResPut" time="6.913" errors="0" timestamp="2023-05-22T13:03:11 IST" skipped="0">
  <testcase classname="org.test.ReqResPut" name="testPut" time="6.913"/>
  <system-out/>
</testsuite> <!-- org.test.ReqResPut -->
