<?xml version="1.0" encoding="UTF-8"?>
<!-- Generated by org.testng.reporters.JUnitReportReporter -->
<testsuite hostname="TVDI-027" failures="0" tests="1" name="org.test.ReqResPatch" time="6.315" errors="0" timestamp="2023-05-22T13:06:21 IST" skipped="0">
  <testcase classname="org.test.ReqResPatch" name="testPut" time="6.315"/>
  <system-out/>
</testsuite> <!-- org.test.ReqResPatch -->
