<?xml version="1.0" encoding="UTF-8"?>
<!-- Generated by org.testng.reporters.JUnitReportReporter -->
<testsuite hostname="TVDI-027" failures="0" tests="6" name="org.test.ReqResGet" time="10.360" errors="0" timestamp="2023-05-19T16:20:23 IST" skipped="0">
  <testcase classname="org.test.ReqResGet" name="singleResourceNotFound" time="0.193"/>
  <system-out/>
  <testcase classname="org.test.ReqResGet" name="singleUserNotFound" time="1.081"/>
  <system-out/>
  <testcase classname="org.test.ReqResGet" name="singleUser" time="0.204"/>
  <system-out/>
  <testcase classname="org.test.ReqResGet" name="listUsers" time="0.923"/>
  <system-out/>
  <testcase classname="org.test.ReqResGet" name="listOfResource" time="0.358"/>
  <system-out/>
  <testcase classname="org.test.ReqResGet" name="SingleResource" time="7.601"/>
  <system-out/>
</testsuite> <!-- org.test.ReqResGet -->
