<?xml version="1.0" encoding="UTF-8"?>
<!-- Generated by org.testng.reporters.JUnitReportReporter -->
<testsuite hostname="TVDI-027" failures="0" tests="5" name="org.reqres.ReqResPost" time="2.936" errors="0" timestamp="2023-05-22T17:12:51 IST" skipped="0">
  <testcase classname="org.reqres.ReqResPost" name="registerSuccessful" time="0.497"/>
  <system-out/>
  <testcase classname="org.reqres.ReqResPost" name="loginSuccessful" time="0.469"/>
  <system-out/>
  <testcase classname="org.reqres.ReqResPost" name="registerUnSuccessful" time="0.502"/>
  <system-out/>
  <testcase classname="org.reqres.ReqResPost" name="create" time="0.556"/>
  <system-out/>
  <testcase classname="org.reqres.ReqResPost" name="loginUnSuccessful" time="0.912"/>
  <system-out/>
</testsuite> <!-- org.reqres.ReqResPost -->
