<?xml version="1.0" encoding="UTF-8"?>
<!-- Generated by org.testng.reporters.JUnitReportReporter -->
<testsuite hostname="TVDI-027" failures="0" tests="1" name="org.test.JSONSchemaValidation" time="6.542" errors="0" timestamp="2023-05-19T11:32:57 IST" skipped="0">
  <testcase classname="org.test.JSONSchemaValidation" name="test_1" time="6.542"/>
  <system-out/>
</testsuite> <!-- org.test.JSONSchemaValidation -->
