<?xml version="1.0" encoding="UTF-8"?>
<!-- Generated by org.testng.reporters.JUnitReportReporter -->
<testsuite hostname="TVDI-027" failures="0" tests="1" name="org.test.TestOne" time="9.736" errors="0" timestamp="2023-05-17T10:36:44 IST" skipped="0">
  <testcase classname="org.test.TestOne" name="test_2" time="9.736"/>
  <system-out/>
</testsuite> <!-- org.test.TestOne -->
